<?xml version="1.0" encoding="UTF-8"?>
<!-- Generated by org.testng.reporters.JUnitReportReporter -->
<testsuite hostname="KennyMoonlay" failures="0" tests="1" name="KennyRamadhan.FlipTest.successLogin" time="2.288" errors="0" timestamp="2024-04-01T04:55:13 WIB" skipped="0">
  <testcase classname="KennyRamadhan.FlipTest.successLogin" name="login" time="2.288">
    <system-out>
      <![CDATA[Success Login]]>
    </system-out>
  </testcase> <!-- login -->
  <system-out>
    <![CDATA[Success Login]]>
  </system-out>
</testsuite> <!-- KennyRamadhan.FlipTest.successLogin -->
