<?xml version="1.0" encoding="UTF-8"?>
<!-- Generated by org.testng.reporters.JUnitReportReporter -->
<testsuite hostname="KennyMoonlay" failures="0" tests="1" name="KennyRamadhan.FlipTest.e2eMobile" time="44.314" errors="0" timestamp="2024-04-05T22:54:41 WIB" skipped="0">
  <testcase classname="KennyRamadhan.FlipTest.e2eMobile" name="checkoutPositiveFlow" time="44.314">
    <system-out>
      <![CDATA[Success Login
Total Amount Price Without Taxes : 29.99
Total Amount Price Without Taxes : 39.98
Actual Total Amount : 39.98
Order Completed]]>
    </system-out>
  </testcase> <!-- checkoutPositiveFlow -->
  <system-out>
    <![CDATA[Success Login
Total Amount Price Without Taxes : 29.99
Total Amount Price Without Taxes : 39.98
Actual Total Amount : 39.98
Order Completed]]>
  </system-out>
</testsuite> <!-- KennyRamadhan.FlipTest.e2eMobile -->
