<?xml version="1.0" encoding="UTF-8"?>
<!-- Generated by org.testng.reporters.JUnitReportReporter -->
<testsuite hostname="cmp2024014" failures="0" tests="1" name="TestNG.Mobile.e2eMobile" time="3.825" errors="0" timestamp="2025-09-11T02:12:28 WIB" skipped="0">
  <testcase classname="TestNG.Mobile.e2eMobile" name="login" time="3.825"/>
</testsuite> <!-- TestNG.Mobile.e2eMobile -->
