<?xml version="1.0" encoding="UTF-8"?>
<!-- Generated by org.testng.reporters.JUnitReportReporter -->
<testsuite hostname="cmp2024014" failures="0" tests="4" name="TestNG.Mobile.e2eMobile" time="56.646" errors="0" timestamp="2025-09-12T12:07:27 WIB" skipped="0">
  <testcase classname="TestNG.Mobile.e2eMobile" name="login" time="5.997"/>
  <testcase classname="TestNG.Mobile.e2eMobile" name="failedLogin" time="7.613"/>
  <testcase classname="TestNG.Mobile.e2eMobile" name="sortingPrice" time="10.535"/>
  <testcase classname="TestNG.Mobile.e2eMobile" name="addProductsFromListing" time="32.501"/>
</testsuite> <!-- TestNG.Mobile.e2eMobile -->
